446
     11 /home/micah/audits/0x_audit_2018-07-23/packages/sol-cov/test/fixtures/contracts/SimpleStorage.sol
      2 /home/micah/audits/0x_audit_2018-07-23/packages/sol-cov/test/fixtures/contracts/Simplest.sol
    413 /home/micah/audits/0x_audit_2018-07-23/packages/sol-cov/test/fixtures/contracts/AllSolidityFeatures.sol
     22 /home/micah/audits/0x_audit_2018-07-23/packages/sol-cov/test/fixtures/contracts/SolcovIgnore.sol
     38 /home/micah/audits/0x_audit_2018-07-23/packages/sol-compiler/test/fixtures/contracts/base/Token.sol
     41 /home/micah/audits/0x_audit_2018-07-23/packages/sol-compiler/test/fixtures/contracts/base/SafeMath.sol
    603 /home/micah/audits/0x_audit_2018-07-23/packages/sol-compiler/test/fixtures/contracts/Exchange.sol
    115 /home/micah/audits/0x_audit_2018-07-23/packages/sol-compiler/test/fixtures/contracts/TokenTransferProxy.sol
    367 /home/micah/audits/0x_audit_2018-07-23/packages/contracts/src/2.0.0/multisig/MultiSigWallet.sol
    134 /home/micah/audits/0x_audit_2018-07-23/packages/contracts/src/2.0.0/multisig/MultiSigWalletWithTimeLock.sol
     33 /home/micah/audits/0x_audit_2018-07-23/packages/contracts/src/2.0.0/tokens/EtherToken/IEtherToken.sol
    758 /home/micah/audits/0x_audit_2018-07-23/packages/contracts/src/2.0.0/tokens/EtherToken/WETH9.sol
     58 /home/micah/audits/0x_audit_2018-07-23/packages/contracts/src/2.0.0/tokens/UnlimitedAllowanceToken/UnlimitedAllowanceToken.sol
     96 /home/micah/audits/0x_audit_2018-07-23/packages/contracts/src/2.0.0/tokens/ERC20Token/ERC20Token.sol
     74 /home/micah/audits/0x_audit_2018-07-23/packages/contracts/src/2.0.0/tokens/ERC20Token/IERC20Token.sol
     61 /home/micah/audits/0x_audit_2018-07-23/packages/contracts/src/2.0.0/tokens/ERC721Token/IERC721Receiver.sol
    407 /home/micah/audits/0x_audit_2018-07-23/packages/contracts/src/2.0.0/tokens/ERC721Token/ERC721Token.sol
    118 /home/micah/audits/0x_audit_2018-07-23/packages/contracts/src/2.0.0/tokens/ERC721Token/IERC721Token.sol
     39 /home/micah/audits/0x_audit_2018-07-23/packages/contracts/src/2.0.0/tokens/ZRXToken/ZRXToken.sol
     65 /home/micah/audits/0x_audit_2018-07-23/packages/contracts/src/2.0.0/examples/Wallet/Wallet.sol
    136 /home/micah/audits/0x_audit_2018-07-23/packages/contracts/src/2.0.0/examples/Whitelist/Whitelist.sol
    100 /home/micah/audits/0x_audit_2018-07-23/packages/contracts/src/2.0.0/examples/ExchangeWrapper/ExchangeWrapper.sol
     56 /home/micah/audits/0x_audit_2018-07-23/packages/contracts/src/2.0.0/examples/Validator/Validator.sol
     87 /home/micah/audits/0x_audit_2018-07-23/packages/contracts/src/2.0.0/forwarder/mixins/MExchangeWrapper.sol
     54 /home/micah/audits/0x_audit_2018-07-23/packages/contracts/src/2.0.0/forwarder/mixins/MAssets.sol
     41 /home/micah/audits/0x_audit_2018-07-23/packages/contracts/src/2.0.0/forwarder/mixins/MWeth.sol
     42 /home/micah/audits/0x_audit_2018-07-23/packages/contracts/src/2.0.0/forwarder/mixins/MForwarderCore.sol
    147 /home/micah/audits/0x_audit_2018-07-23/packages/contracts/src/2.0.0/forwarder/MixinAssets.sol
     55 /home/micah/audits/0x_audit_2018-07-23/packages/contracts/src/2.0.0/forwarder/Forwarder.sol
     58 /home/micah/audits/0x_audit_2018-07-23/packages/contracts/src/2.0.0/forwarder/libs/LibConstants.sol
     34 /home/micah/audits/0x_audit_2018-07-23/packages/contracts/src/2.0.0/forwarder/libs/LibForwarderErrors.sol
    110 /home/micah/audits/0x_audit_2018-07-23/packages/contracts/src/2.0.0/forwarder/MixinWeth.sol
    254 /home/micah/audits/0x_audit_2018-07-23/packages/contracts/src/2.0.0/forwarder/MixinForwarderCore.sol
    253 /home/micah/audits/0x_audit_2018-07-23/packages/contracts/src/2.0.0/forwarder/MixinExchangeWrapper.sol
     30 /home/micah/audits/0x_audit_2018-07-23/packages/contracts/src/2.0.0/forwarder/interfaces/IForwarder.sol
     34 /home/micah/audits/0x_audit_2018-07-23/packages/contracts/src/2.0.0/forwarder/interfaces/IAssets.sol
     80 /home/micah/audits/0x_audit_2018-07-23/packages/contracts/src/2.0.0/forwarder/interfaces/IForwarderCore.sol
     36 /home/micah/audits/0x_audit_2018-07-23/packages/contracts/src/2.0.0/protocol/Exchange/mixins/MTransactions.sol
     46 /home/micah/audits/0x_audit_2018-07-23/packages/contracts/src/2.0.0/protocol/Exchange/mixins/MSignatureValidator.sol
     59 /home/micah/audits/0x_audit_2018-07-23/packages/contracts/src/2.0.0/protocol/Exchange/mixins/MMatchOrders.sol
    127 /home/micah/audits/0x_audit_2018-07-23/packages/contracts/src/2.0.0/protocol/Exchange/mixins/MExchangeCore.sol
     46 /home/micah/audits/0x_audit_2018-07-23/packages/contracts/src/2.0.0/protocol/Exchange/mixins/MAssetProxyDispatcher.sol
    158 /home/micah/audits/0x_audit_2018-07-23/packages/contracts/src/2.0.0/protocol/Exchange/MixinTransactions.sol
    299 /home/micah/audits/0x_audit_2018-07-23/packages/contracts/src/2.0.0/protocol/Exchange/MixinMatchOrders.sol
    218 /home/micah/audits/0x_audit_2018-07-23/packages/contracts/src/2.0.0/protocol/Exchange/libs/LibAbiEncoder.sol
     66 /home/micah/audits/0x_audit_2018-07-23/packages/contracts/src/2.0.0/protocol/Exchange/libs/LibEIP712.sol
    143 /home/micah/audits/0x_audit_2018-07-23/packages/contracts/src/2.0.0/protocol/Exchange/libs/LibOrder.sol
     70 /home/micah/audits/0x_audit_2018-07-23/packages/contracts/src/2.0.0/protocol/Exchange/libs/LibExchangeErrors.sol
     49 /home/micah/audits/0x_audit_2018-07-23/packages/contracts/src/2.0.0/protocol/Exchange/libs/LibConstants.sol
     75 /home/micah/audits/0x_audit_2018-07-23/packages/contracts/src/2.0.0/protocol/Exchange/libs/LibMath.sol
     54 /home/micah/audits/0x_audit_2018-07-23/packages/contracts/src/2.0.0/protocol/Exchange/libs/LibFillResults.sol
     54 /home/micah/audits/0x_audit_2018-07-23/packages/contracts/src/2.0.0/protocol/Exchange/Exchange.sol
    255 /home/micah/audits/0x_audit_2018-07-23/packages/contracts/src/2.0.0/protocol/Exchange/MixinSignatureValidator.sol
    436 /home/micah/audits/0x_audit_2018-07-23/packages/contracts/src/2.0.0/protocol/Exchange/MixinExchangeCore.sol
    177 /home/micah/audits/0x_audit_2018-07-23/packages/contracts/src/2.0.0/protocol/Exchange/MixinAssetProxyDispatcher.sol
    403 /home/micah/audits/0x_audit_2018-07-23/packages/contracts/src/2.0.0/protocol/Exchange/MixinWrapperFunctions.sol
     35 /home/micah/audits/0x_audit_2018-07-23/packages/contracts/src/2.0.0/protocol/Exchange/interfaces/ITransactions.sol
     44 /home/micah/audits/0x_audit_2018-07-23/packages/contracts/src/2.0.0/protocol/Exchange/interfaces/IMatchOrders.sol
     37 /home/micah/audits/0x_audit_2018-07-23/packages/contracts/src/2.0.0/protocol/Exchange/interfaces/IAssetProxyDispatcher.sol
    160 /home/micah/audits/0x_audit_2018-07-23/packages/contracts/src/2.0.0/protocol/Exchange/interfaces/IWrapperFunctions.sol
     38 /home/micah/audits/0x_audit_2018-07-23/packages/contracts/src/2.0.0/protocol/Exchange/interfaces/IExchange.sol
     37 /home/micah/audits/0x_audit_2018-07-23/packages/contracts/src/2.0.0/protocol/Exchange/interfaces/IValidator.sol
     60 /home/micah/audits/0x_audit_2018-07-23/packages/contracts/src/2.0.0/protocol/Exchange/interfaces/IExchangeCore.sol
     35 /home/micah/audits/0x_audit_2018-07-23/packages/contracts/src/2.0.0/protocol/Exchange/interfaces/IWallet.sol
     57 /home/micah/audits/0x_audit_2018-07-23/packages/contracts/src/2.0.0/protocol/Exchange/interfaces/ISignatureValidator.sol
     42 /home/micah/audits/0x_audit_2018-07-23/packages/contracts/src/2.0.0/protocol/AssetProxy/mixins/MAuthorizable.sol
     38 /home/micah/audits/0x_audit_2018-07-23/packages/contracts/src/2.0.0/protocol/AssetProxy/libs/LibAssetProxyErrors.sol
    167 /home/micah/audits/0x_audit_2018-07-23/packages/contracts/src/2.0.0/protocol/AssetProxy/ERC721Proxy.sol
    118 /home/micah/audits/0x_audit_2018-07-23/packages/contracts/src/2.0.0/protocol/AssetProxy/MixinAuthorizable.sol
    133 /home/micah/audits/0x_audit_2018-07-23/packages/contracts/src/2.0.0/protocol/AssetProxy/ERC20Proxy.sol
     47 /home/micah/audits/0x_audit_2018-07-23/packages/contracts/src/2.0.0/protocol/AssetProxy/interfaces/IAssetProxy.sol
     53 /home/micah/audits/0x_audit_2018-07-23/packages/contracts/src/2.0.0/protocol/AssetProxy/interfaces/IAuthorizable.sol
     40 /home/micah/audits/0x_audit_2018-07-23/packages/contracts/src/2.0.0/protocol/AssetProxy/interfaces/IAssetData.sol
    119 /home/micah/audits/0x_audit_2018-07-23/packages/contracts/src/2.0.0/protocol/AssetProxyOwner/AssetProxyOwner.sol
    560 /home/micah/audits/0x_audit_2018-07-23/packages/contracts/src/2.0.0/utils/LibBytes/LibBytes.sol
     86 /home/micah/audits/0x_audit_2018-07-23/packages/contracts/src/2.0.0/utils/SafeMath/SafeMath.sol
     38 /home/micah/audits/0x_audit_2018-07-23/packages/contracts/src/2.0.0/utils/Ownable/Ownable.sol
     13 /home/micah/audits/0x_audit_2018-07-23/packages/contracts/src/2.0.0/utils/Ownable/IOwnable.sol
     37 /home/micah/audits/0x_audit_2018-07-23/packages/contracts/src/2.0.0/test/TestAssetProxyDispatcher/TestAssetProxyDispatcher.sol
     60 /home/micah/audits/0x_audit_2018-07-23/packages/contracts/src/2.0.0/test/DummyERC20Token/DummyERC20Token.sol
     99 /home/micah/audits/0x_audit_2018-07-23/packages/contracts/src/2.0.0/test/TestLibs/TestLibs.sol
     46 /home/micah/audits/0x_audit_2018-07-23/packages/contracts/src/2.0.0/test/TestSignatureValidator/TestSignatureValidator.sol
     72 /home/micah/audits/0x_audit_2018-07-23/packages/contracts/src/2.0.0/test/TestAssetProxyOwner/TestAssetProxyOwner.sol
     43 /home/micah/audits/0x_audit_2018-07-23/packages/contracts/src/2.0.0/test/Mintable/Mintable.sol
     76 /home/micah/audits/0x_audit_2018-07-23/packages/contracts/src/2.0.0/test/DummyERC721Token/DummyERC721Token.sol
     64 /home/micah/audits/0x_audit_2018-07-23/packages/contracts/src/2.0.0/test/DummyERC721Receiver/DummyERC721Receiver.sol
    269 /home/micah/audits/0x_audit_2018-07-23/packages/contracts/src/2.0.0/test/TestLibBytes/TestLibBytes.sol
     56 /home/micah/audits/0x_audit_2018-07-23/packages/contracts/src/2.0.0/test/TestConstants/TestConstants.sol
    114 /home/micah/audits/0x_audit_2018-07-23/packages/contracts/src/1.0.0/Arbitrage/Arbitrage.sol
     39 /home/micah/audits/0x_audit_2018-07-23/packages/contracts/src/1.0.0/Token/Token_v1.sol
    115 /home/micah/audits/0x_audit_2018-07-23/packages/contracts/src/1.0.0/TokenTransferProxy/TokenTransferProxy_v1.sol
     73 /home/micah/audits/0x_audit_2018-07-23/packages/contracts/src/1.0.0/SafeMath/SafeMath_v1.sol
    602 /home/micah/audits/0x_audit_2018-07-23/packages/contracts/src/1.0.0/Exchange/Exchange_v1.sol
    226 /home/micah/audits/0x_audit_2018-07-23/packages/contracts/src/1.0.0/Exchange/IExchange_v1.sol
     52 /home/micah/audits/0x_audit_2018-07-23/packages/contracts/src/1.0.0/UnlimitedAllowanceToken/UnlimitedAllowanceToken_v1.sol
     44 /home/micah/audits/0x_audit_2018-07-23/packages/contracts/src/1.0.0/ERC20Token/ERC20Token_v1.sol
     11 /home/micah/audits/0x_audit_2018-07-23/packages/contracts/src/1.0.0/EtherDelta/AccountLevels.sol
    168 /home/micah/audits/0x_audit_2018-07-23/packages/contracts/src/1.0.0/EtherDelta/EtherDelta.sol
     27 /home/micah/audits/0x_audit_2018-07-23/packages/contracts/src/1.0.0/Ownable/Ownable_v1.sol
     18 /home/micah/audits/0x_audit_2018-07-23/packages/contracts/src/1.0.0/Ownable/IOwnable_v1.sol
     82 /home/micah/audits/0x_audit_2018-07-23/packages/contracts/src/1.0.0/MultiSigWalletWithTImeLockExceptRemoveAuthorizedAddress/MultiSigWalletWithTimeLockExceptRemoveAuthorizedAddress.sol
    195 /home/micah/audits/0x_audit_2018-07-23/packages/contracts/src/1.0.0/TokenRegistry/ITokenRegistery.sol
    308 /home/micah/audits/0x_audit_2018-07-23/packages/contracts/src/1.0.0/TokenRegistry/TokenRegistry.sol
     40 /home/micah/audits/0x_audit_2018-07-23/packages/metacoin/contracts/Metacoin.sol
     24 /home/micah/audits/origin-js/contracts/contracts/multisig/IMultiSigWallet.sol
     74 /home/micah/audits/origin-js/contracts/contracts/identity/KeyHolder.sol
     24 /home/micah/audits/origin-js/contracts/contracts/identity/ERC725.sol
     90 /home/micah/audits/origin-js/contracts/contracts/identity/ClaimVerifier.sol
     42 /home/micah/audits/origin-js/contracts/contracts/identity/V00_UserRegistry.sol
     17 /home/micah/audits/origin-js/contracts/contracts/identity/ClaimHolderRegistered.sol
    155 /home/micah/audits/origin-js/contracts/contracts/identity/ClaimHolderLibrary.sol
      9 /home/micah/audits/origin-js/contracts/contracts/identity/OriginIdentity.sol
     35 /home/micah/audits/origin-js/contracts/contracts/identity/ClaimHolderPresigned.sol
     24 /home/micah/audits/origin-js/contracts/contracts/identity/ERC735.sol
     81 /home/micah/audits/origin-js/contracts/contracts/identity/ClaimHolder.sol
    207 /home/micah/audits/origin-js/contracts/contracts/identity/KeyHolderLibrary.sol
    103 /home/micah/audits/origin-js/contracts/contracts/token/WhitelistedPausableToken.sol
     99 /home/micah/audits/origin-js/contracts/contracts/token/OriginToken.sol
     71 /home/micah/audits/origin-js/contracts/contracts/token/TokenMigration.sol
    440 /home/micah/audits/origin-js/contracts/contracts/marketplace/v00/Marketplace.sol
     23 /home/micah/audits/origin-js/contracts/contracts/Migrations.sol
     17 /home/micah/audits/origin-js/contracts/test-alt/contracts/Token.sol
    395 /home/micah/audits/origin-js/contracts/test-alt/contracts/MultiSigWallet.sol
     25 /home/micah/audits/origin-js/contracts/test-alt/contracts/arbitration/ArbitrableExample.sol
    120 /home/micah/audits/origin-js/contracts/test-alt/contracts/arbitration/CentralizedArbitrator.sol
     81 /home/micah/audits/origin-js/contracts/test-alt/contracts/arbitration/Arbitrable.sol
     97 /home/micah/audits/origin-js/contracts/test-alt/contracts/arbitration/Arbitrator.sol
     46 /home/micah/audits/origin-js/contracts/test-alt/contracts/Spender.sol
     59 /home/micah/audits/origin-js/contracts/test-alt/contracts/OriginArbitrator.sol
     42 /home/micah/audits/set-protocol-contracts/contracts/external/0x/Exchange/libs/LibEIP712.sol
     77 /home/micah/audits/set-protocol-contracts/contracts/external/0x/Exchange/libs/LibOrder.sol
     69 /home/micah/audits/set-protocol-contracts/contracts/external/0x/Exchange/libs/LibExchangeErrors.sol
     27 /home/micah/audits/set-protocol-contracts/contracts/external/0x/Exchange/libs/LibConstants.sol
     35 /home/micah/audits/set-protocol-contracts/contracts/external/0x/Exchange/libs/LibFillResults.sol
     34 /home/micah/audits/set-protocol-contracts/contracts/external/0x/Exchange/interfaces/ITransactions.sol
     44 /home/micah/audits/set-protocol-contracts/contracts/external/0x/Exchange/interfaces/IMatchOrders.sol
     42 /home/micah/audits/set-protocol-contracts/contracts/external/0x/Exchange/interfaces/IAssetProxyDispatcher.sol
    150 /home/micah/audits/set-protocol-contracts/contracts/external/0x/Exchange/interfaces/IWrapperFunctions.sol
     36 /home/micah/audits/set-protocol-contracts/contracts/external/0x/Exchange/interfaces/IExchange.sol
     36 /home/micah/audits/set-protocol-contracts/contracts/external/0x/Exchange/interfaces/IValidator.sol
     59 /home/micah/audits/set-protocol-contracts/contracts/external/0x/Exchange/interfaces/IExchangeCore.sol
     34 /home/micah/audits/set-protocol-contracts/contracts/external/0x/Exchange/interfaces/IWallet.sol
     56 /home/micah/audits/set-protocol-contracts/contracts/external/0x/Exchange/interfaces/ISignatureValidator.sol
     36 /home/micah/audits/set-protocol-contracts/contracts/external/0x/AssetProxy/libs/LibAssetProxyErrors.sol
     47 /home/micah/audits/set-protocol-contracts/contracts/external/0x/AssetProxy/interfaces/IAssetProxy.sol
     63 /home/micah/audits/set-protocol-contracts/contracts/external/0x/AssetProxy/interfaces/IAuthorizable.sol
     36 /home/micah/audits/set-protocol-contracts/contracts/external/0x/AssetProxy/interfaces/IAssetData.sol
    218 /home/micah/audits/set-protocol-contracts/contracts/external/0x/LibBytes.sol
     47 /home/micah/audits/set-protocol-contracts/contracts/lib/Bytes32.sol
     33 /home/micah/audits/set-protocol-contracts/contracts/lib/CommonMath.sol
     62 /home/micah/audits/set-protocol-contracts/contracts/lib/IERC20.sol
    197 /home/micah/audits/set-protocol-contracts/contracts/lib/Authorizable.sol
    205 /home/micah/audits/set-protocol-contracts/contracts/lib/ERC20Wrapper.sol
     41 /home/micah/audits/set-protocol-contracts/contracts/mocks/tokens/BadTokenMock.sol
     74 /home/micah/audits/set-protocol-contracts/contracts/mocks/tokens/StandardTokenWithFeeMock.sol
     25 /home/micah/audits/set-protocol-contracts/contracts/mocks/tokens/NoDecimalTokenMock.sol
     96 /home/micah/audits/set-protocol-contracts/contracts/mocks/tokens/NoXferReturnTokenMock.sol
    191 /home/micah/audits/set-protocol-contracts/contracts/mocks/tokens/InvalidReturnTokenMock.sol
     29 /home/micah/audits/set-protocol-contracts/contracts/mocks/tokens/StandardTokenMock.sol
     21 /home/micah/audits/set-protocol-contracts/contracts/mocks/lib/Bytes32Mock.sol
     15 /home/micah/audits/set-protocol-contracts/contracts/mocks/lib/CommonMathMock.sol
     39 /home/micah/audits/set-protocol-contracts/contracts/mocks/lib/ERC20WrapperMock.sol
     79 /home/micah/audits/set-protocol-contracts/contracts/mocks/core/CoreMock.sol
     84 /home/micah/audits/set-protocol-contracts/contracts/mocks/core/exchange-wrappers/lib/ZeroExOrderDataHandlerMock.sol
     46 /home/micah/audits/set-protocol-contracts/contracts/mocks/core/lib/OrderLibraryMock.sol
     24 /home/micah/audits/set-protocol-contracts/contracts/Migrations.sol
    233 /home/micah/audits/set-protocol-contracts/contracts/core/Vault.sol
     86 /home/micah/audits/set-protocol-contracts/contracts/core/TransferProxy.sol
    253 /home/micah/audits/set-protocol-contracts/contracts/core/SetToken.sol
     90 /home/micah/audits/set-protocol-contracts/contracts/core/SetTokenFactory.sol
    524 /home/micah/audits/set-protocol-contracts/contracts/core/extensions/CoreIssuanceOrder.sol
    263 /home/micah/audits/set-protocol-contracts/contracts/core/extensions/CoreAccounting.sol
    100 /home/micah/audits/set-protocol-contracts/contracts/core/extensions/CoreInternal.sol
     67 /home/micah/audits/set-protocol-contracts/contracts/core/extensions/CoreExchangeDispatcher.sol
    370 /home/micah/audits/set-protocol-contracts/contracts/core/extensions/CoreIssuance.sol
    107 /home/micah/audits/set-protocol-contracts/contracts/core/extensions/CoreFactory.sol
     70 /home/micah/audits/set-protocol-contracts/contracts/core/extensions/CoreRebalanceAuction.sol
    564 /home/micah/audits/set-protocol-contracts/contracts/core/RebalancingSetToken.sol
     65 /home/micah/audits/set-protocol-contracts/contracts/core/Core.sol
    140 /home/micah/audits/set-protocol-contracts/contracts/core/RebalancingSetTokenFactory.sol
     43 /home/micah/audits/set-protocol-contracts/contracts/core/interfaces/ICoreIssuance.sol
     45 /home/micah/audits/set-protocol-contracts/contracts/core/interfaces/IExchangeWrapper.sol
    118 /home/micah/audits/set-protocol-contracts/contracts/core/interfaces/IVault.sol
     46 /home/micah/audits/set-protocol-contracts/contracts/core/interfaces/ITransferProxy.sol
     46 /home/micah/audits/set-protocol-contracts/contracts/core/interfaces/ICoreAccounting.sol
    251 /home/micah/audits/set-protocol-contracts/contracts/core/interfaces/ICore.sol
     85 /home/micah/audits/set-protocol-contracts/contracts/core/interfaces/ISetToken.sol
     61 /home/micah/audits/set-protocol-contracts/contracts/core/interfaces/ISetFactory.sol
     37 /home/micah/audits/set-protocol-contracts/contracts/core/interfaces/IRebalancingSetToken.sol
    184 /home/micah/audits/set-protocol-contracts/contracts/core/exchange-wrappers/ZeroExExchangeWrapper.sol
    183 /home/micah/audits/set-protocol-contracts/contracts/core/exchange-wrappers/lib/ZeroExOrderDataHandler.sol
    121 /home/micah/audits/set-protocol-contracts/contracts/core/exchange-wrappers/TakerWalletWrapper.sol
     74 /home/micah/audits/set-protocol-contracts/contracts/core/lib/ExchangeHandler.sol
    197 /home/micah/audits/set-protocol-contracts/contracts/core/lib/CoreState.sol
    179 /home/micah/audits/set-protocol-contracts/contracts/core/lib/OrderLibrary.sol
     15 /home/micah/audits/brickblock-internal/frozen/contracts/tools/WarpTool.sol
     99 /home/micah/audits/brickblock-internal/frozen/contracts/stubs/BrickblockFountainStub.sol
    166 /home/micah/audits/brickblock-internal/frozen/contracts/BrickblockToken.sol
    535 /home/micah/audits/brickblock-internal/frozen/contracts/CustomPOAToken.sol
     30 /home/micah/audits/brickblock-internal/contracts/Whitelist.sol
     75 /home/micah/audits/brickblock-internal/contracts/PoaProxyCommon.sol
    163 /home/micah/audits/brickblock-internal/contracts/EmployeeTokenSalaryPayout.sol
    151 /home/micah/audits/brickblock-internal/contracts/ExchangeRateProvider.sol
     51 /home/micah/audits/brickblock-internal/contracts/tools/SafeMathPower.sol
     15 /home/micah/audits/brickblock-internal/contracts/tools/WarpTool.sol
    183 /home/micah/audits/brickblock-internal/contracts/PoaLogger.sol
     16 /home/micah/audits/brickblock-internal/contracts/stubs/UpgradedPoa.sol
     36 /home/micah/audits/brickblock-internal/contracts/stubs/RemoteContractStub.sol
    194 /home/micah/audits/brickblock-internal/contracts/stubs/ExchangeRateProviderStub.sol
     77 /home/micah/audits/brickblock-internal/contracts/stubs/RemoteContractUserStub.sol
     31 /home/micah/audits/brickblock-internal/contracts/stubs/BrokenRemoteContractStub.sol
    101 /home/micah/audits/brickblock-internal/contracts/stubs/BrickblockFountainStub.sol
   1230 /home/micah/audits/brickblock-internal/contracts/OraclizeAPI.sol
    358 /home/micah/audits/brickblock-internal/contracts/AccessToken.sol
    360 /home/micah/audits/brickblock-internal/contracts/PoaCommon.sol
     66 /home/micah/audits/brickblock-internal/contracts/FeeManager.sol
    175 /home/micah/audits/brickblock-internal/contracts/PoaProxy.sol
    134 /home/micah/audits/brickblock-internal/contracts/BrickblockAccount.sol
     41 /home/micah/audits/brickblock-internal/contracts/AccessTokenUpgradeExample.sol
    366 /home/micah/audits/brickblock-internal/contracts/ExchangeRates.sol
     40 /home/micah/audits/brickblock-internal/contracts/ContractRegistry.sol
     22 /home/micah/audits/brickblock-internal/contracts/interfaces/IRegistry.sol
     35 /home/micah/audits/brickblock-internal/contracts/interfaces/IAccessToken.sol
     34 /home/micah/audits/brickblock-internal/contracts/interfaces/IPoaToken.sol
     14 /home/micah/audits/brickblock-internal/contracts/interfaces/IPoaCrowdsale.sol
      7 /home/micah/audits/brickblock-internal/contracts/interfaces/IWhitelist.sol
     20 /home/micah/audits/brickblock-internal/contracts/interfaces/IExchangeRateProvider.sol
     41 /home/micah/audits/brickblock-internal/contracts/interfaces/IExchangeRates.sol
     15 /home/micah/audits/brickblock-internal/contracts/interfaces/IFeeManager.sol
    440 /home/micah/audits/brickblock-internal/contracts/interfaces/IPoaTokenCrowdsale.sol
     33 /home/micah/audits/brickblock-internal/contracts/interfaces/IBrickblockToken.sol
     10 /home/micah/audits/brickblock-internal/contracts/interfaces/IPoaManager.sol
    160 /home/micah/audits/brickblock-internal/contracts/BrickblockToken.sol
    681 /home/micah/audits/brickblock-internal/contracts/PoaToken.sol
     33 /home/micah/audits/brickblock-internal/contracts/Migrations.sol
    376 /home/micah/audits/brickblock-internal/contracts/PoaManager.sol
    616 /home/micah/audits/brickblock-internal/contracts/PoaCrowdsale.sol
    535 /home/micah/audits/brickblock-internal/contracts/CustomPOAToken.sol
    153 /home/micah/audits/foam-controller-audit-2018-08-24/contracts/FoamTokenController.sol
     12 /home/micah/audits/foam-controller-audit-2018-08-24/contracts/Mocks/PriceFeedMock.sol
     46 /home/micah/audits/foam-controller-audit-2018-08-24/contracts/Mocks/SaleMock.sol
     30 /home/micah/audits/foam-controller-audit-2018-08-24/contracts/Mocks/RegistryMock.sol
      9 /home/micah/audits/foam-controller-audit-2018-08-24/contracts/interfaces/SaleInterface.sol
      8 /home/micah/audits/foam-controller-audit-2018-08-24/contracts/interfaces/RegistryInterface.sol
     23 /home/micah/audits/foam-controller-audit-2018-08-24/contracts/Migrations.sol
     57 /home/micah/audits/meridio-audit-2018-09-12/contracts/proxy/UpgradeabilityProxy.sol
     57 /home/micah/audits/meridio-audit-2018-09-12/contracts/proxy/Proxy.sol
     93 /home/micah/audits/meridio-audit-2018-09-12/contracts/proxy/OwnedUpgradeabilityProxy.sol
     20 /home/micah/audits/meridio-audit-2018-09-12/contracts/proxy/ERCProxy.sol
    213 /home/micah/audits/meridio-audit-2018-09-12/contracts/third-party/Exchange.sol
     48 /home/micah/audits/meridio-audit-2018-09-12/contracts/third-party/lib/Token.sol
     24 /home/micah/audits/meridio-audit-2018-09-12/contracts/third-party/lib/helpers/TokenA.sol
     24 /home/micah/audits/meridio-audit-2018-09-12/contracts/third-party/lib/helpers/TokenB.sol
     44 /home/micah/audits/meridio-audit-2018-09-12/contracts/third-party/lib/Ownable.sol
     49 /home/micah/audits/meridio-audit-2018-09-12/contracts/third-party/lib/Pausable.sol
     31 /home/micah/audits/meridio-audit-2018-09-12/contracts/third-party/lib/SafeMath.sol
     41 /home/micah/audits/meridio-audit-2018-09-12/contracts/third-party/lib/StandardToken.sol
    177 /home/micah/audits/meridio-audit-2018-09-12/contracts/modules/InvestorMinValidator.sol
    190 /home/micah/audits/meridio-audit-2018-09-12/contracts/modules/InvestorCapValidator.sol
    107 /home/micah/audits/meridio-audit-2018-09-12/contracts/modules/WhitelistValidator.sol
    103 /home/micah/audits/meridio-audit-2018-09-12/contracts/modules/MaxAmountValidator.sol
     55 /home/micah/audits/meridio-audit-2018-09-12/contracts/modules/PausableValidator.sol
    116 /home/micah/audits/meridio-audit-2018-09-12/contracts/modules/LockUpPeriodValidator.sol
    107 /home/micah/audits/meridio-audit-2018-09-12/contracts/modules/SenderBlacklistValidator.sol
    107 /home/micah/audits/meridio-audit-2018-09-12/contracts/modules/SenderWhitelistValidator.sol
    107 /home/micah/audits/meridio-audit-2018-09-12/contracts/modules/BlacklistValidator.sol
    153 /home/micah/audits/meridio-audit-2018-09-12/contracts/AssetToken.sol
    130 /home/micah/audits/meridio-audit-2018-09-12/contracts/inheritables/Moduleable.sol
     46 /home/micah/audits/meridio-audit-2018-09-12/contracts/previousVersions/Whitelist.sol
     47 /home/micah/audits/meridio-audit-2018-09-12/contracts/previousVersions/Whitelist_v0_2.sol
    217 /home/micah/audits/meridio-audit-2018-09-12/contracts/previousVersions/AssetToken_v0_2.sol
     35 /home/micah/audits/meridio-audit-2018-09-12/contracts/interfaces/IERC20.sol
     19 /home/micah/audits/meridio-audit-2018-09-12/contracts/interfaces/IModuleContract.sol
     13 /home/micah/audits/meridio-audit-2018-09-12/contracts/interfaces/ITransferValidator.sol
     17 /home/micah/audits/meridio-audit-2018-09-12/contracts/interfaces/IAssetTokenInitializer.sol
     15 /home/micah/audits/meridio-audit-2018-09-12/contracts/interfaces/IMetadataStore.sol
     70 /home/micah/audits/meridio-audit-2018-09-12/contracts/factories/ProxyTokenFactory.sol
     26 /home/micah/audits/meridio-audit-2018-09-12/contracts/MeridioCrowdsale.sol
     48 /home/micah/audits/meridio-audit-2018-09-12/contracts/lib/Token.sol
     24 /home/micah/audits/meridio-audit-2018-09-12/contracts/lib/helpers/TokenA.sol
     24 /home/micah/audits/meridio-audit-2018-09-12/contracts/lib/helpers/TokenB.sol
     44 /home/micah/audits/meridio-audit-2018-09-12/contracts/lib/Ownable.sol
     49 /home/micah/audits/meridio-audit-2018-09-12/contracts/lib/Pausable.sol
     31 /home/micah/audits/meridio-audit-2018-09-12/contracts/lib/SafeMath.sol
     41 /home/micah/audits/meridio-audit-2018-09-12/contracts/lib/StandardToken.sol
     14 /home/micah/audits/meridio-audit-2018-09-12/contracts/mocks/ProxyTypeMock.sol
     30 /home/micah/audits/meridio-audit-2018-09-12/contracts/mocks/ProxyImplMock.sol
    443 /home/micah/audits/meridio-audit-2018-09-12/contracts/mocks/FakeDai.sol
     21 /home/micah/audits/meridio-audit-2018-09-12/contracts/mocks/VersionableAssetTokenMock.sol
     78 /home/micah/audits/meridio-audit-2018-09-12/contracts/mocks/UpgradeabilityProxyMock.sol
     37 /home/micah/audits/meridio-audit-2018-09-12/contracts/mocks/OverflowModuleMock.sol
     66 /home/micah/audits/meridio-audit-2018-09-12/contracts/mocks/ImplementationMocks.sol
     29 /home/micah/audits/meridio-audit-2018-09-12/contracts/mocks/SimpleToken.sol
     62 /home/micah/audits/meridio-audit-2018-09-12/contracts/SimpleLinkRegistry.sol
     61 /home/micah/audits/meridio-audit-2018-09-12/contracts/DistributionIssuer.sol
     24 /home/micah/audits/meridio-audit-2018-09-12/contracts/Migrations.sol
     24 /home/micah/audits/civil_audit_2018-06-04/extension_2018-09-18/Civil/packages/contracts/contracts/multisig/MultiSigWalletFactory.sol
    383 /home/micah/audits/civil_audit_2018-06-04/extension_2018-09-18/Civil/packages/contracts/contracts/multisig/MultiSigWallet.sol
     42 /home/micah/audits/civil_audit_2018-06-04/extension_2018-09-18/Civil/packages/contracts/contracts/multisig/Factory.sol
    395 /home/micah/audits/civil_audit_2018-06-04/extension_2018-09-18/Civil/packages/contracts/contracts/installed_contracts/Parameterizer.sol
     49 /home/micah/audits/civil_audit_2018-06-04/extension_2018-09-18/Civil/packages/contracts/contracts/installed_contracts/EIP20Interface.sol
     79 /home/micah/audits/civil_audit_2018-06-04/extension_2018-09-18/Civil/packages/contracts/contracts/installed_contracts/EIP20.sol
    488 /home/micah/audits/civil_audit_2018-06-04/extension_2018-09-18/Civil/packages/contracts/contracts/installed_contracts/PLCRVoting.sol
     20 /home/micah/audits/civil_audit_2018-06-04/extension_2018-09-18/Civil/packages/contracts/contracts/installed_contracts/AttributeStore.sol
     84 /home/micah/audits/civil_audit_2018-06-04/extension_2018-09-18/Civil/packages/contracts/contracts/installed_contracts/DLL.sol
     37 /home/micah/audits/civil_audit_2018-06-04/extension_2018-09-18/Civil/packages/contracts/contracts/tcr/ContractAddressRegistry.sol
    286 /home/micah/audits/civil_audit_2018-06-04/extension_2018-09-18/Civil/packages/contracts/contracts/tcr/Government.sol
     70 /home/micah/audits/civil_audit_2018-06-04/extension_2018-09-18/Civil/packages/contracts/contracts/tcr/CivilPLCRVoting.sol
     23 /home/micah/audits/civil_audit_2018-06-04/extension_2018-09-18/Civil/packages/contracts/contracts/tcr/CivilParameterizer.sol
    482 /home/micah/audits/civil_audit_2018-06-04/extension_2018-09-18/Civil/packages/contracts/contracts/tcr/CivilTCR.sol
    468 /home/micah/audits/civil_audit_2018-06-04/extension_2018-09-18/Civil/packages/contracts/contracts/tcr/AddressRegistry.sol
     39 /home/micah/audits/civil_audit_2018-06-04/extension_2018-09-18/Civil/packages/contracts/contracts/tcr/RestrictedAddressRegistry.sol
    278 /home/micah/audits/civil_audit_2018-06-04/extension_2018-09-18/Civil/packages/contracts/contracts/newsroom/Newsroom.sol
     56 /home/micah/audits/civil_audit_2018-06-04/extension_2018-09-18/Civil/packages/contracts/contracts/newsroom/ACL.sol
     32 /home/micah/audits/civil_audit_2018-06-04/extension_2018-09-18/Civil/packages/contracts/contracts/newsroom/NewsroomFactory.sol
     15 /home/micah/audits/civil_audit_2018-06-04/extension_2018-09-18/Civil/packages/contracts/contracts/newsroom/EventStorage.sol
     91 /home/micah/audits/civil_audit_2018-06-04/extension_2018-09-18/Civil/packages/contracts/contracts/zeppelin-solidity/access/Whitelist.sol
     55 /home/micah/audits/civil_audit_2018-06-04/extension_2018-09-18/Civil/packages/contracts/contracts/zeppelin-solidity/access/rbac/Roles.sol
    106 /home/micah/audits/civil_audit_2018-06-04/extension_2018-09-18/Civil/packages/contracts/contracts/zeppelin-solidity/access/rbac/RBAC.sol
     52 /home/micah/audits/civil_audit_2018-06-04/extension_2018-09-18/Civil/packages/contracts/contracts/zeppelin-solidity/math/SafeMath.sol
     64 /home/micah/audits/civil_audit_2018-06-04/extension_2018-09-18/Civil/packages/contracts/contracts/zeppelin-solidity/ownership/Ownable.sol
     72 /home/micah/audits/civil_audit_2018-06-04/extension_2018-09-18/Civil/packages/contracts/contracts/zeppelin-solidity/ECRecovery.sol
      5 /home/micah/audits/civil_audit_2018-06-04/extension_2018-09-18/Civil/packages/contracts/contracts/interfaces/IMultiSigWalletFactory.sol
     13 /home/micah/audits/civil_audit_2018-06-04/extension_2018-09-18/Civil/packages/contracts/contracts/interfaces/IGovernment.sol
     18 /home/micah/audits/civil_audit_2018-06-04/extension_2018-09-18/Civil/packages/contracts/contracts/test/DummyACL.sol
     29 /home/micah/audits/civil_audit_2018-06-04/extension_2018-09-18/Civil/packages/contracts/contracts/Migrations.sol
      9 /home/micah/audits/civil_audit_2018-06-04/extension_2018-09-18/Civil/packages/contracts/contracts/proof-of-use/controller/TokenControllerI.sol
     22 /home/micah/audits/civil_audit_2018-06-04/extension_2018-09-18/Civil/packages/contracts/contracts/proof-of-use/controller/GroupTokenController.sol
      5 /home/micah/audits/civil_audit_2018-06-04/extension_2018-09-18/Civil/packages/contracts/contracts/proof-of-use/telemetry/TokenTelemetryI.sol
      9 /home/micah/audits/civil_audit_2018-06-04/extension_2018-09-18/Civil/packages/contracts/contracts/proof-of-use/telemetry/TokenTelemetry.sol
     85 /home/micah/audits/civil_audit_2018-06-04/extension_2018-09-18/Civil/packages/contracts/contracts/proof-of-use/groups/UserGroups.sol
     28 /home/micah/audits/civil_audit_2018-06-04/extension_2018-09-18/Civil/packages/contracts/contracts/proof-of-use/groups/OffChainOwnable.sol
     83 /home/micah/audits/civil_audit_2018-06-04/extension_2018-09-18/Civil/packages/contracts/contracts/proof-of-use/groups/UnionFind.sol
      5 /home/micah/audits/civil_audit_2018-06-04/extension_2018-09-18/Civil/packages/contracts/contracts/proof-of-use/groups/GroupsI.sol
    482 /home/micah/audits/civil_audit_2018-06-04/audit/civil_crosscheck/AddressRegistry.sol
    399 /home/micah/audits/civil_audit_2018-06-04/audit/original_crosscheck/Parameterizer.sol
    489 /home/micah/audits/civil_audit_2018-06-04/audit/original_crosscheck/PLCRVoting.sol
    466 /home/micah/audits/civil_audit_2018-06-04/audit/original_crosscheck/Registry.sol
    392 /home/micah/audits/civil_audit_2018-06-04/audit/original_crosscheck/MultiSigWallet.sol
    370 /home/micah/audits/civil_audit_2018-06-04/audit/original_crosscheck/MultiSigWallet_ZepplinAudited.sol
     84 /home/micah/audits/civil_audit_2018-06-04/audit/original_crosscheck/DLL.sol
     24 /home/micah/audits/civil_audit_2018-06-04/packages/contracts/contracts/multisig/MultiSigWalletFactory.sol
    383 /home/micah/audits/civil_audit_2018-06-04/packages/contracts/contracts/multisig/MultiSigWallet.sol
     42 /home/micah/audits/civil_audit_2018-06-04/packages/contracts/contracts/multisig/Factory.sol
    366 /home/micah/audits/civil_audit_2018-06-04/packages/contracts/contracts/tcr/Parameterizer.sol
     49 /home/micah/audits/civil_audit_2018-06-04/packages/contracts/contracts/tcr/installed_contracts/tokens/contracts/eip20/EIP20Interface.sol
     79 /home/micah/audits/civil_audit_2018-06-04/packages/contracts/contracts/tcr/installed_contracts/tokens/contracts/eip20/EIP20.sol
     63 /home/micah/audits/civil_audit_2018-06-04/packages/contracts/contracts/tcr/installed_contracts/tokens/contracts/eip20/EIP20Factory.sol
     24 /home/micah/audits/civil_audit_2018-06-04/packages/contracts/contracts/tcr/installed_contracts/tokens/contracts/Migrations.sol
     84 /home/micah/audits/civil_audit_2018-06-04/packages/contracts/contracts/tcr/installed_contracts/dll/contracts/DLL.sol
     24 /home/micah/audits/civil_audit_2018-06-04/packages/contracts/contracts/tcr/installed_contracts/dll/contracts/Migrations.sol
     20 /home/micah/audits/civil_audit_2018-06-04/packages/contracts/contracts/tcr/installed_contracts/attrstore/contracts/AttributeStore.sol
     24 /home/micah/audits/civil_audit_2018-06-04/packages/contracts/contracts/tcr/installed_contracts/attrstore/contracts/Migrations.sol
     50 /home/micah/audits/civil_audit_2018-06-04/packages/contracts/contracts/tcr/ContractAddressRegistry.sol
    110 /home/micah/audits/civil_audit_2018-06-04/packages/contracts/contracts/tcr/Government.sol
    467 /home/micah/audits/civil_audit_2018-06-04/packages/contracts/contracts/tcr/PLCRVoting.sol
    444 /home/micah/audits/civil_audit_2018-06-04/packages/contracts/contracts/tcr/CivilTCR.sol
    514 /home/micah/audits/civil_audit_2018-06-04/packages/contracts/contracts/tcr/AddressRegistry.sol
     52 /home/micah/audits/civil_audit_2018-06-04/packages/contracts/contracts/tcr/RestrictedAddressRegistry.sol
    244 /home/micah/audits/civil_audit_2018-06-04/packages/contracts/contracts/newsroom/Newsroom.sol
     56 /home/micah/audits/civil_audit_2018-06-04/packages/contracts/contracts/newsroom/ACL.sol
     32 /home/micah/audits/civil_audit_2018-06-04/packages/contracts/contracts/newsroom/NewsroomFactory.sol
     15 /home/micah/audits/civil_audit_2018-06-04/packages/contracts/contracts/newsroom/EventStorage.sol
     42 /home/micah/audits/civil_audit_2018-06-04/packages/contracts/contracts/zeppelin-solidity/Ownable.sol
     48 /home/micah/audits/civil_audit_2018-06-04/packages/contracts/contracts/zeppelin-solidity/SafeMath.sol
     76 /home/micah/audits/civil_audit_2018-06-04/packages/contracts/contracts/zeppelin-solidity/ECRecovery.sol
      5 /home/micah/audits/civil_audit_2018-06-04/packages/contracts/contracts/interfaces/IMultiSigWalletFactory.sol
     13 /home/micah/audits/civil_audit_2018-06-04/packages/contracts/contracts/interfaces/IGovernment.sol
     18 /home/micah/audits/civil_audit_2018-06-04/packages/contracts/contracts/test/DummyACL.sol
     29 /home/micah/audits/civil_audit_2018-06-04/packages/contracts/contracts/Migrations.sol
    100 /home/micah/audits/aragonOS-audit-repo/contracts/apm/Repo.sol
     11 /home/micah/audits/aragonOS-audit-repo/contracts/apm/APMNamehash.sol
    105 /home/micah/audits/aragonOS-audit-repo/contracts/apm/APMRegistry.sol
     81 /home/micah/audits/aragonOS-audit-repo/contracts/ens/ENSSubdomainRegistrar.sol
     10 /home/micah/audits/aragonOS-audit-repo/contracts/ens/ENSConstants.sol
     44 /home/micah/audits/aragonOS-audit-repo/contracts/apps/AppProxyBase.sol
     33 /home/micah/audits/aragonOS-audit-repo/contracts/apps/AragonApp.sol
     37 /home/micah/audits/aragonOS-audit-repo/contracts/apps/AppProxyPinned.sol
     32 /home/micah/audits/aragonOS-audit-repo/contracts/apps/AppProxyUpgradeable.sol
     13 /home/micah/audits/aragonOS-audit-repo/contracts/apps/AppStorage.sol
     20 /home/micah/audits/aragonOS-audit-repo/contracts/evmscript/IEVMScriptRegistry.sol
    130 /home/micah/audits/aragonOS-audit-repo/contracts/evmscript/ScriptHelpers.sol
      6 /home/micah/audits/aragonOS-audit-repo/contracts/evmscript/IEVMScriptExecutor.sol
     47 /home/micah/audits/aragonOS-audit-repo/contracts/evmscript/EVMScriptRegistry.sol
     64 /home/micah/audits/aragonOS-audit-repo/contracts/evmscript/EVMScriptRunner.sol
     56 /home/micah/audits/aragonOS-audit-repo/contracts/evmscript/executors/CallsScript.sol
     46 /home/micah/audits/aragonOS-audit-repo/contracts/evmscript/executors/DeployDelegateScript.sol
     72 /home/micah/audits/aragonOS-audit-repo/contracts/evmscript/executors/DelegateScript.sol
      8 /home/micah/audits/aragonOS-audit-repo/contracts/common/IForwarder.sol
     52 /home/micah/audits/aragonOS-audit-repo/contracts/common/DelegateProxy.sol
     39 /home/micah/audits/aragonOS-audit-repo/contracts/common/Initializable.sol
     45 /home/micah/audits/aragonOS-audit-repo/contracts/factory/EVMScriptRegistryFactory.sol
     29 /home/micah/audits/aragonOS-audit-repo/contracts/factory/AppProxyFactory.sol
    110 /home/micah/audits/aragonOS-audit-repo/contracts/factory/APMRegistryFactory.sol
     62 /home/micah/audits/aragonOS-audit-repo/contracts/factory/DAOFactory.sol
     29 /home/micah/audits/aragonOS-audit-repo/contracts/factory/ENSFactory.sol
     94 /home/micah/audits/aragonOS-audit-repo/contracts/acl/ACLSyntaxSugar.sol
      7 /home/micah/audits/aragonOS-audit-repo/contracts/acl/IACL.sol
    408 /home/micah/audits/aragonOS-audit-repo/contracts/acl/ACL.sol
     95 /home/micah/audits/aragonOS-audit-repo/contracts/lib/ens/ENS.sol
    212 /home/micah/audits/aragonOS-audit-repo/contracts/lib/ens/PublicResolver.sol
     24 /home/micah/audits/aragonOS-audit-repo/contracts/lib/ens/AbstractENS.sol
     24 /home/micah/audits/aragonOS-audit-repo/contracts/lib/zeppelin/math/Math.sol
     32 /home/micah/audits/aragonOS-audit-repo/contracts/lib/zeppelin/math/SafeMath.sol
     32 /home/micah/audits/aragonOS-audit-repo/contracts/lib/zeppelin/math/SafeMath64.sol
     16 /home/micah/audits/aragonOS-audit-repo/contracts/lib/zeppelin/token/ERC20.sol
     44 /home/micah/audits/aragonOS-audit-repo/contracts/lib/zeppelin/token/BasicToken.sol
     14 /home/micah/audits/aragonOS-audit-repo/contracts/lib/zeppelin/token/ERC20Basic.sol
     87 /home/micah/audits/aragonOS-audit-repo/contracts/lib/zeppelin/token/StandardToken.sol
    610 /home/micah/audits/aragonOS-audit-repo/contracts/lib/minime/MiniMeToken.sol
     27 /home/micah/audits/aragonOS-audit-repo/contracts/lib/minime/ITokenController.sol
     10 /home/micah/audits/aragonOS-audit-repo/contracts/lib/misc/ERCProxy.sol
     25 /home/micah/audits/aragonOS-audit-repo/contracts/lib/misc/Migrations.sol
     21 /home/micah/audits/aragonOS-audit-repo/contracts/kernel/KernelStorage.sol
     39 /home/micah/audits/aragonOS-audit-repo/contracts/kernel/KernelProxy.sol
    158 /home/micah/audits/aragonOS-audit-repo/contracts/kernel/Kernel.sol
     12 /home/micah/audits/aragonOS-audit-repo/contracts/kernel/IKernel.sol
     86 /home/micah/audits/aragonOS-audit-repo/test/TestDelegateProxy.sol
     32 /home/micah/audits/aragonOS-audit-repo/test/helpers/ThrowProxy.sol
     40 /home/micah/audits/aragonOS-audit-repo/test/helpers/ACLHelper.sol
    266 /home/micah/audits/aragonOS-audit-repo/test/TestACLInterpreter.sol
     40 /home/micah/audits/aragonOS-audit-repo/test/mocks/Delegator.sol
     74 /home/micah/audits/aragonOS-audit-repo/test/mocks/APMRegistryFactoryMock.sol
     21 /home/micah/audits/aragonOS-audit-repo/test/mocks/ExecutionTarget.sol
     17 /home/micah/audits/aragonOS-audit-repo/test/mocks/EncodeMock.sol
     10 /home/micah/audits/aragonOS-audit-repo/test/mocks/DelegateScriptWrapper.sol
     16 /home/micah/audits/aragonOS-audit-repo/test/mocks/APMNamehashWrapper.sol
     12 /home/micah/audits/aragonOS-audit-repo/test/mocks/MockDyingScriptExecutor.sol
     15 /home/micah/audits/aragonOS-audit-repo/test/mocks/StandardTokenMock.sol
     33 /home/micah/audits/aragonOS-audit-repo/test/mocks/Executor.sol
     11 /home/micah/audits/aragonOS-audit-repo/test/mocks/UpgradedKernel.sol
     39 /home/micah/audits/aragonOS-audit-repo/test/mocks/AppStub.sol
     24 /home/micah/audits/circle_audit_2018-07-02/contracts/thirdparty/openzeppelin/ERC20.sol
     52 /home/micah/audits/circle_audit_2018-07-02/contracts/thirdparty/openzeppelin/Ownable.sol
     70 /home/micah/audits/circle_audit_2018-07-02/contracts/thirdparty/openzeppelin/Pausable.sol
     31 /home/micah/audits/circle_audit_2018-07-02/contracts/thirdparty/openzeppelin/SafeMath.sol
     15 /home/micah/audits/circle_audit_2018-07-02/contracts/thirdparty/openzeppelin/ERC20Basic.sol
     17 /home/micah/audits/circle_audit_2018-07-02/contracts/UpgradedContract.sol
     84 /home/micah/audits/circle_audit_2018-07-02/contracts/storage/EternalStorage.sol
     82 /home/micah/audits/circle_audit_2018-07-02/contracts/storage/EternalStorageUpdater.sol
    270 /home/micah/audits/circle_audit_2018-07-02/contracts/FiatToken.sol
     61 /home/micah/audits/circle_audit_2018-07-02/contracts/Upgradable.sol
    172 /home/micah/audits/circle_audit_2018-07-02/contracts/test/UpgradedFiatToken.sol
     15 /home/micah/audits/circle_audit_2018-07-02/contracts/test/mocks/SafeMathMock.sol
     23 /home/micah/audits/circle_audit_2018-07-02/contracts/Migrations.sol
     79 /home/micah/audits/circle_audit_2018-07-02/contracts/Blacklistable.sol
  49003 total
 +  TestACLInterpreter [90m(ACL, ACLHelper)[39m
    - [32m[Pub][39m testEqualityUint[31m #[39m
    - [32m[Pub][39m testEqualityAddr[31m #[39m
    - [32m[Pub][39m testEqualityBytes[31m #[39m
    - [32m[Pub][39m testInequalityUint[31m #[39m
    - [32m[Pub][39m testInequalityBytes[31m #[39m
    - [32m[Pub][39m testInequalityAddr[31m #[39m
    - [32m[Pub][39m testGreatherThan[31m #[39m
    - [32m[Pub][39m testLessThan[31m #[39m
    - [32m[Pub][39m testGreatherThanOrEqual[31m #[39m
    - [32m[Pub][39m testLessThanOrEqual[31m #[39m
    - [32m[Pub][39m testSender[31m #[39m
    - [32m[Pub][39m testTimestamp[31m #[39m
    - [32m[Pub][39m testBlockNumber[31m #[39m
    - [32m[Pub][39m testOracle[31m #[39m
    - [32m[Pub][39m testReturn[31m #[39m
    - [32m[Pub][39m testNot[31m #[39m
    - [32m[Pub][39m testComplexCombination[31m #[39m
    - [32m[Pub][39m testParamOutOfBoundsFail[31m #[39m
    - [32m[Pub][39m testArgOutOfBoundsFail[31m #[39m
    - [32m[Pub][39m testIfElse[31m #[39m
    - [32m[Pub][39m testCombinators[31m #[39m
    - [90m[Int][39m assertEval[31m #[39m
    - [90m[Int][39m assertEval[31m #[39m
    - [90m[Int][39m assertEval[31m #[39m
    - [90m[Int][39m encodeAndSaveParams[31m #[39m

 +  Target 
    - [32m[Pub][39m returnSomething
    - [32m[Pub][39m dontReturn[31m #[39m
    - [32m[Pub][39m fail[31m #[39m
    - [32m[Pub][39m die[31m #[39m

 +  TestDelegateProxy [90m(DelegateProxy)[39m
    - [32m[Pub][39m beforeAll[31m #[39m
    - [32m[Pub][39m beforeEach[31m #[39m
    - [32m[Pub][39m testMinReturn0WithoutReturn[31m #[39m
    - [32m[Pub][39m testMinReturn0WithReturn[31m #[39m
    - [32m[Pub][39m testMinReturn32WithReturn[31m #[39m
    - [32m[Pub][39m testFailsIfReturnLessThanMin[31m #[39m
    - [32m[Pub][39m revertIfReturnLessThanMin[31m #[39m
    - [32m[Pub][39m testSelfdestructIsRevertedWithMinReturn[31m #[39m
    - [32m[Pub][39m revertIfReturnLessThanMinAndDie[31m #[39m
    - [32m[Pub][39m testFailIfReverts[31m #[39m
    - [32m[Pub][39m revertCall[31m #[39m
    - [32m[Pub][39m testIsContractZero[31m #[39m
    - [32m[Pub][39m testIsContractAddress[31m #[39m
    - [32m[Pub][39m testDieIfMinReturn0[31m #[39m

 +  AccessToken [90m(PausableToken)[39m
    - [32m[Pub][39m [90m<Constructor>[39m[31m #[39m
    - [34m[Ext][39m lockedBbkOf
    - [34m[Ext][39m lockBBK[31m #[39m
    - [34m[Ext][39m unlockBBK[31m #[39m
    - [34m[Ext][39m distribute[31m #[39m
    - [31m[Prv][39m getMintedActFromCurrentLockPeriod
    - [31m[Prv][39m settleCurrentLockPeriod[31m #[39m
    - [32m[Pub][39m balanceOf
    - [32m[Pub][39m transfer[31m #[39m
    - [32m[Pub][39m transferFrom[31m #[39m
    - [34m[Ext][39m burn[31m #[39m

 +  AccessTokenUpgradeExample [90m(AccessToken)[39m
    - [32m[Pub][39m [90m<Constructor>[39m[31m #[39m
    - [32m[Pub][39m balanceOf

 +  BrickblockAccount [90m(Ownable)[39m
    - [32m[Pub][39m [90m<Constructor>[39m[31m #[39m
    - [34m[Ext][39m pullFunds[31m #[39m
    - [34m[Ext][39m lockBBK[31m #[39m
    - [34m[Ext][39m unlockBBK[31m #[39m
    - [34m[Ext][39m claimFee[31m #[39m
    - [34m[Ext][39m withdrawEthFunds[31m #[39m
    - [34m[Ext][39m withdrawActFunds[31m #[39m
    - [34m[Ext][39m withdrawBbkFunds[31m #[39m
    - [32m[Pub][39m [90m<Fallback>[39m[33m ($)[39m

 +  BrickblockToken [90m(PausableToken)[39m
    - [32m[Pub][39m [90m<Constructor>[39m[31m #[39m
    - [34m[Ext][39m toggleDead[31m #[39m
    - [31m[Prv][39m isContract
    - [34m[Ext][39m changeFountainContractAddress[31m #[39m
    - [34m[Ext][39m distributeTokens[31m #[39m
    - [34m[Ext][39m distributeBonusTokens[31m #[39m
    - [34m[Ext][39m finalizeTokenSale[31m #[39m

 +  ContractRegistry [90m(Ownable)[39m
    - [32m[Pub][39m updateContractAddress[31m #[39m
    - [32m[Pub][39m getContractAddress
    - [32m[Pub][39m getContractAddress32

 +  CustomPOAToken [90m(PausableToken)[39m
    - [32m[Pub][39m [90m<Constructor>[39m[31m #[39m
    - [32m[Pub][39m weiToTokens
    - [32m[Pub][39m tokensToWei
    - [32m[Pub][39m unpause[31m #[39m
    - [31m[Prv][39m enterStage[31m #[39m
    - [34m[Ext][39m whitelistAddress[31m #[39m
    - [34m[Ext][39m blacklistAddress[31m #[39m
    - [32m[Pub][39m whitelisted
    - [32m[Pub][39m calculateFee
    - [32m[Pub][39m buy[33m ($)[39m
    - [34m[Ext][39m activate[33m ($)[39m
    - [34m[Ext][39m terminate[31m #[39m
    - [34m[Ext][39m kill[31m #[39m
    - [32m[Pub][39m currentPayout
    - [31m[Prv][39m settleUnclaimedPerTokenPayouts[31m #[39m
    - [34m[Ext][39m setFailed[31m #[39m
    - [34m[Ext][39m reclaim[31m #[39m
    - [34m[Ext][39m payout[33m ($)[39m
    - [34m[Ext][39m claim[31m #[39m
    - [32m[Pub][39m transfer[31m #[39m
    - [32m[Pub][39m transferFrom[31m #[39m
    - [32m[Pub][39m [90m<Fallback>[39m[33m ($)[39m

 +  EmployeeTokenSalaryPayout [90m(Ownable)[39m
    - [32m[Pub][39m [90m<Constructor>[39m[31m #[39m
    - [32m[Pub][39m addEmployee[31m #[39m
    - [32m[Pub][39m removeEmployee[31m #[39m
    - [32m[Pub][39m updateQuarterlyAmount[31m #[39m
    - [31m[Prv][39m payout[31m #[39m
    - [32m[Pub][39m getTotalPayoutAmount
    - [32m[Pub][39m distributePayouts[31m #[39m
    - [32m[Pub][39m claimAll[31m #[39m

 +  ExchangeRateProvider [90m(usingOraclize)[39m
    - [32m[Pub][39m [90m<Constructor>[39m[31m #[39m
    - [34m[Ext][39m setCallbackGasPrice[31m #[39m
    - [32m[Pub][39m sendQuery[33m ($)[39m
    - [31m[Prv][39m setQueryId[31m #[39m
    - [32m[Pub][39m __callback[31m #[39m
    - [32m[Pub][39m selfDestruct[31m #[39m
    - [32m[Pub][39m [90m<Fallback>[39m[33m ($)[39m

 +  ExchangeRates [90m(Ownable)[39m
    - [32m[Pub][39m [90m<Constructor>[39m[33m ($)[39m
    - [34m[Ext][39m fetchRate[33m ($)[39m
    - [34m[Ext][39m setQueryId[31m #[39m
    - [34m[Ext][39m setRate[31m #[39m
    - [34m[Ext][39m setCurrencySettings[31m #[39m
    - [34m[Ext][39m setCurrencySettingQueryString[31m #[39m
    - [34m[Ext][39m setCurrencySettingCallInterval[31m #[39m
    - [34m[Ext][39m setCurrencySettingCallbackGasLimit[31m #[39m
    - [34m[Ext][39m setCallbackGasPrice[31m #[39m
    - [34m[Ext][39m toggleRatesActive[31m #[39m
    - [32m[Pub][39m getCurrencySettings
    - [34m[Ext][39m getRate
    - [34m[Ext][39m getRate32
    - [32m[Pub][39m toUpperCase
    - [32m[Pub][39m killProvider[31m #[39m

 +  FeeManager 
    - [32m[Pub][39m [90m<Constructor>[39m[31m #[39m
    - [32m[Pub][39m weiToAct
    - [32m[Pub][39m actToWei
    - [32m[Pub][39m payFee[33m ($)[39m
    - [32m[Pub][39m claimFee[31m #[39m

 +  Migrations 
    - [32m[Pub][39m [90m<Constructor>[39m[31m #[39m
    - [32m[Pub][39m setCompleted[31m #[39m
    - [32m[Pub][39m upgrade[31m #[39m

 +  OraclizeI 
    - [34m[Ext][39m query[33m ($)[39m
    - [34m[Ext][39m query_withGasLimit[33m ($)[39m
    - [32m[Pub][39m query2[33m ($)[39m
    - [34m[Ext][39m query2_withGasLimit[33m ($)[39m
    - [32m[Pub][39m queryN[33m ($)[39m
    - [34m[Ext][39m queryN_withGasLimit[33m ($)[39m
    - [32m[Pub][39m getPrice[31m #[39m
    - [32m[Pub][39m getPrice[31m #[39m
    - [34m[Ext][39m setProofType[31m #[39m
    - [34m[Ext][39m setCustomGasPrice[31m #[39m
    - [34m[Ext][39m randomDS_getSessionPubKeyHash

 +  OraclizeAddrResolverI 
    - [32m[Pub][39m getAddress[31m #[39m

 + [33m[Lib][39m Buffer 
    - [90m[Int][39m init
    - [31m[Prv][39m resize
    - [31m[Prv][39m max
    - [90m[Int][39m append
    - [90m[Int][39m append
    - [90m[Int][39m appendInt

 + [33m[Lib][39m CBOR 
    - [31m[Prv][39m encodeType
    - [31m[Prv][39m encodeIndefiniteLengthType
    - [90m[Int][39m encodeUInt
    - [90m[Int][39m encodeInt
    - [90m[Int][39m encodeBytes
    - [90m[Int][39m encodeString
    - [90m[Int][39m startArray
    - [90m[Int][39m startMap
    - [90m[Int][39m endSequence

 +  usingOraclize 
    - [90m[Int][39m oraclize_setNetwork[31m #[39m
    - [90m[Int][39m oraclize_setNetwork[31m #[39m
    - [32m[Pub][39m __callback[31m #[39m
    - [32m[Pub][39m __callback[31m #[39m
    - [90m[Int][39m oraclize_getPrice[31m #[39m
    - [90m[Int][39m oraclize_getPrice[31m #[39m
    - [90m[Int][39m oraclize_query[31m #[39m
    - [90m[Int][39m oraclize_query[31m #[39m
    - [90m[Int][39m oraclize_query[31m #[39m
    - [90m[Int][39m oraclize_query[31m #[39m
    - [90m[Int][39m oraclize_query[31m #[39m
    - [90m[Int][39m oraclize_query[31m #[39m
    - [90m[Int][39m oraclize_query[31m #[39m
    - [90m[Int][39m oraclize_query[31m #[39m
    - [90m[Int][39m oraclize_query[31m #[39m
    - [90m[Int][39m oraclize_query[31m #[39m
    - [90m[Int][39m oraclize_query[31m #[39m
    - [90m[Int][39m oraclize_query[31m #[39m
    - [90m[Int][39m oraclize_query[31m #[39m
    - [90m[Int][39m oraclize_query[31m #[39m
    - [90m[Int][39m oraclize_query[31m #[39m
    - [90m[Int][39m oraclize_query[31m #[39m
    - [90m[Int][39m oraclize_query[31m #[39m
    - [90m[Int][39m oraclize_query[31m #[39m
    - [90m[Int][39m oraclize_query[31m #[39m
    - [90m[Int][39m oraclize_query[31m #[39m
    - [90m[Int][39m oraclize_query[31m #[39m
    - [90m[Int][39m oraclize_query[31m #[39m
    - [90m[Int][39m oraclize_query[31m #[39m
    - [90m[Int][39m oraclize_query[31m #[39m
    - [90m[Int][39m oraclize_query[31m #[39m
    - [90m[Int][39m oraclize_query[31m #[39m
    - [90m[Int][39m oraclize_query[31m #[39m
    - [90m[Int][39m oraclize_query[31m #[39m
    - [90m[Int][39m oraclize_query[31m #[39m
    - [90m[Int][39m oraclize_query[31m #[39m
    - [90m[Int][39m oraclize_query[31m #[39m
    - [90m[Int][39m oraclize_query[31m #[39m
    - [90m[Int][39m oraclize_query[31m #[39m
    - [90m[Int][39m oraclize_query[31m #[39m
    - [90m[Int][39m oraclize_query[31m #[39m
    - [90m[Int][39m oraclize_query[31m #[39m
    - [90m[Int][39m oraclize_query[31m #[39m
    - [90m[Int][39m oraclize_query[31m #[39m
    - [90m[Int][39m oraclize_query[31m #[39m
    - [90m[Int][39m oraclize_query[31m #[39m
    - [90m[Int][39m oraclize_query[31m #[39m
    - [90m[Int][39m oraclize_query[31m #[39m
    - [90m[Int][39m oraclize_query[31m #[39m
    - [90m[Int][39m oraclize_query[31m #[39m
    - [90m[Int][39m oraclize_query[31m #[39m
    - [90m[Int][39m oraclize_query[31m #[39m
    - [90m[Int][39m oraclize_query[31m #[39m
    - [90m[Int][39m oraclize_query[31m #[39m
    - [90m[Int][39m oraclize_query[31m #[39m
    - [90m[Int][39m oraclize_query[31m #[39m
    - [90m[Int][39m oraclize_query[31m #[39m
    - [90m[Int][39m oraclize_query[31m #[39m
    - [90m[Int][39m oraclize_query[31m #[39m
    - [90m[Int][39m oraclize_query[31m #[39m
    - [90m[Int][39m oraclize_query[31m #[39m
    - [90m[Int][39m oraclize_query[31m #[39m
    - [90m[Int][39m oraclize_cbAddress[31m #[39m
    - [90m[Int][39m oraclize_setProof[31m #[39m
    - [90m[Int][39m oraclize_setCustomGasPrice[31m #[39m
    - [90m[Int][39m oraclize_randomDS_getSessionPubKeyHash[31m #[39m
    - [90m[Int][39m getCodeSize
    - [90m[Int][39m parseAddr
    - [90m[Int][39m strCompare
    - [90m[Int][39m indexOf
    - [90m[Int][39m strConcat
    - [90m[Int][39m strConcat
    - [90m[Int][39m strConcat
    - [90m[Int][39m strConcat
    - [90m[Int][39m parseInt
    - [90m[Int][39m parseInt
    - [90m[Int][39m uint2str
    - [90m[Int][39m stra2cbor
    - [90m[Int][39m ba2cbor
    - [90m[Int][39m oraclize_setNetworkName[31m #[39m
    - [90m[Int][39m oraclize_getNetworkName
    - [90m[Int][39m oraclize_newRandomDSQuery[31m #[39m
    - [90m[Int][39m oraclize_randomDS_setCommitment[31m #[39m
    - [90m[Int][39m verifySig[31m #[39m
    - [90m[Int][39m oraclize_randomDS_proofVerify__sessionKeyValidity[31m #[39m
    - [90m[Int][39m oraclize_randomDS_proofVerify__returnCode[31m #[39m
    - [90m[Int][39m matchBytes32Prefix
    - [90m[Int][39m oraclize_randomDS_proofVerify__main[31m #[39m
    - [90m[Int][39m copyBytes
    - [90m[Int][39m safer_ecrecover[31m #[39m
    - [90m[Int][39m ecrecovery[31m #[39m
    - [90m[Int][39m safeMemoryCleaner

 +  PoaCommon [90m(PoaProxyCommon)[39m
    - [32m[Pub][39m proofOfCustody
    - [90m[Int][39m enterStage[31m #[39m
    - [32m[Pub][39m calculateFee
    - [90m[Int][39m payFee[31m #[39m
    - [90m[Int][39m isFiatInvestor
    - [32m[Pub][39m isWhitelisted
    - [90m[Int][39m to32LengthString
    - [90m[Int][39m to64LengthString

 +  PoaCrowdsale [90m(PoaCommon)[39m
    - [34m[Ext][39m initializeCrowdsale[31m #[39m
    - [34m[Ext][39m startFiatSale[31m #[39m
    - [34m[Ext][39m startEthSale[31m #[39m
    - [32m[Pub][39m calculateTokenAmountForAmountInCents
    - [34m[Ext][39m buyFiat[31m #[39m
    - [34m[Ext][39m removeFiat[31m #[39m
    - [34m[Ext][39m buy[33m ($)[39m
    - [90m[Int][39m applyFunding[31m #[39m
    - [90m[Int][39m endFunding[31m #[39m
    - [34m[Ext][39m checkFundingSuccessful[31m #[39m
    - [32m[Pub][39m calculateTotalFee
    - [32m[Pub][39m payActivationFee[33m ($)[39m
    - [34m[Ext][39m activate[31m #[39m
    - [34m[Ext][39m setStageToTimedOut[31m #[39m
    - [34m[Ext][39m reclaim[31m #[39m
    - [34m[Ext][39m cancelFunding[31m #[39m
    - [32m[Pub][39m percent
    - [32m[Pub][39m getFiatRate
    - [32m[Pub][39m weiToFiatCents
    - [32m[Pub][39m fiatCentsToWei
    - [34m[Ext][39m fundedEthAmountInCents
    - [34m[Ext][39m fundingGoalInWei
    - [32m[Pub][39m fiatCurrency

 +  PoaLogger 
    - [32m[Pub][39m [90m<Constructor>[39m[31m #[39m
    - [34m[Ext][39m logStage[31m #[39m
    - [34m[Ext][39m logBuy[31m #[39m
    - [34m[Ext][39m logProofOfCustodyUpdated[31m #[39m
    - [34m[Ext][39m logPayout[31m #[39m
    - [34m[Ext][39m logClaim[31m #[39m
    - [34m[Ext][39m logTerminated[31m #[39m
    - [34m[Ext][39m logCustodianChanged[31m #[39m
    - [34m[Ext][39m logReClaim[31m #[39m
    - [34m[Ext][39m logProxyUpgraded[31m #[39m

 +  PoaManager [90m(Ownable)[39m
    - [32m[Pub][39m [90m<Constructor>[39m[31m #[39m
    - [31m[Prv][39m addEntity[31m #[39m
    - [31m[Prv][39m removeEntity[31m #[39m
    - [31m[Prv][39m setEntityActiveValue[31m #[39m
    - [32m[Pub][39m getBrokerAddressList
    - [32m[Pub][39m addBroker[31m #[39m
    - [32m[Pub][39m removeBroker[31m #[39m
    - [32m[Pub][39m listBroker[31m #[39m
    - [32m[Pub][39m delistBroker[31m #[39m
    - [32m[Pub][39m getBrokerStatus
    - [32m[Pub][39m getTokenAddressList
    - [31m[Prv][39m createPoaTokenProxy[31m #[39m
    - [32m[Pub][39m addToken[31m #[39m
    - [32m[Pub][39m removeToken[31m #[39m
    - [32m[Pub][39m listToken[31m #[39m
    - [32m[Pub][39m delistToken[31m #[39m
    - [32m[Pub][39m getTokenStatus
    - [32m[Pub][39m pauseToken[31m #[39m
    - [32m[Pub][39m unpauseToken[31m #[39m
    - [32m[Pub][39m terminateToken[31m #[39m
    - [34m[Ext][39m upgradeToken[31m #[39m
    - [34m[Ext][39m upgradeCrowdsale[31m #[39m
    - [34m[Ext][39m toggleTokenWhitelistTransfers[31m #[39m

 +  PoaProxyCommon 
    - [32m[Pub][39m getContractAddress

 +  PoaProxy [90m(PoaProxyCommon)[39m
    - [32m[Pub][39m [90m<Constructor>[39m[31m #[39m
    - [31m[Prv][39m isContract
    - [32m[Pub][39m proxyChangeTokenMaster[31m #[39m
    - [32m[Pub][39m proxyChangeCrowdsaleMaster[31m #[39m
    - [34m[Ext][39m [90m<Fallback>[39m[33m ($)[39m

 +  PoaToken [90m(PoaCommon)[39m
    - [34m[Ext][39m initializeToken[31m #[39m
    - [34m[Ext][39m changeCustodianAddress[31m #[39m
    - [34m[Ext][39m terminate[31m #[39m
    - [32m[Pub][39m transferOwnership[31m #[39m
    - [32m[Pub][39m pause[31m #[39m
    - [32m[Pub][39m unpause[31m #[39m
    - [34m[Ext][39m toggleWhitelistTransfers[31m #[39m
    - [34m[Ext][39m name
    - [34m[Ext][39m symbol
    - [32m[Pub][39m totalSupply
    - [32m[Pub][39m currentPayout
    - [90m[Int][39m settleUnclaimedPerTokenPayouts[31m #[39m
    - [34m[Ext][39m payout[33m ($)[39m
    - [34m[Ext][39m claim[31m #[39m
    - [34m[Ext][39m updateProofOfCustody[31m #[39m
    - [90m[Int][39m startingBalance
    - [32m[Pub][39m balanceOf
    - [32m[Pub][39m transfer[31m #[39m
    - [32m[Pub][39m transferFrom[31m #[39m
    - [32m[Pub][39m approve[31m #[39m
    - [32m[Pub][39m increaseApproval[31m #[39m
    - [32m[Pub][39m decreaseApproval[31m #[39m
    - [32m[Pub][39m allowance
    - [34m[Ext][39m [90m<Fallback>[39m[33m ($)[39m

 +  Whitelist [90m(Ownable)[39m
    - [32m[Pub][39m addAddress[31m #[39m
    - [32m[Pub][39m removeAddress[31m #[39m

 +  Blacklistable [90m(EternalStorageUpdater, Ownable)[39m
    - [32m[Pub][39m [90m<Constructor>[39m[31m #[39m
    - [32m[Pub][39m isAccountBlacklisted
    - [32m[Pub][39m blacklist[31m #[39m
    - [32m[Pub][39m unBlacklist[31m #[39m
    - [32m[Pub][39m updateBlacklister[31m #[39m

 +  FiatToken [90m(Ownable, ERC20, Pausable, Blacklistable, Upgradable)[39m
    - [32m[Pub][39m [90m<Constructor>[39m[31m #[39m
    - [34m[Ext][39m getDataContractAddress
    - [32m[Pub][39m mint[31m #[39m
    - [32m[Pub][39m minterAllowance
    - [32m[Pub][39m allowance
    - [32m[Pub][39m totalSupply
    - [32m[Pub][39m balanceOf
    - [32m[Pub][39m approve[31m #[39m
    - [32m[Pub][39m transferFrom[31m #[39m
    - [32m[Pub][39m transfer[31m #[39m
    - [31m[Prv][39m doTransfer[31m #[39m
    - [32m[Pub][39m isAccountMinter
    - [32m[Pub][39m configureMinter[31m #[39m
    - [32m[Pub][39m removeMinter[31m #[39m
    - [32m[Pub][39m burn[31m #[39m
    - [32m[Pub][39m updateMasterMinter[31m #[39m

 +  Migrations 
    - [32m[Pub][39m [90m<Constructor>[39m[31m #[39m
    - [32m[Pub][39m setCompleted[31m #[39m
    - [32m[Pub][39m upgrade[31m #[39m

 +  Upgradable [90m(EternalStorageUpdater)[39m
    - [32m[Pub][39m [90m<Constructor>[39m[31m #[39m
    - [32m[Pub][39m isUpgraded
    - [32m[Pub][39m upgrade[31m #[39m
    - [32m[Pub][39m updateUpgraderAddress[31m #[39m

 +  UpgradedContract [90m(ERC20)[39m
    - [32m[Pub][39m approveViaPriorContract[31m #[39m
    - [32m[Pub][39m transferViaPriorContract[31m #[39m
    - [32m[Pub][39m transferFromViaPriorContract[31m #[39m

 +  FoamTokenController [90m(TokenControllerI, Ownable)[39m
    - [32m[Pub][39m [90m<Constructor>[39m[31m #[39m
    - [32m[Pub][39m setWhitelisted[31m #[39m
    - [32m[Pub][39m confirmWhitelisted[31m #[39m
    - [32m[Pub][39m blacklistAddresses[31m #[39m
    - [32m[Pub][39m changeRegistry[31m #[39m
    - [32m[Pub][39m setPlatformLaunchDate[31m #[39m
    - [32m[Pub][39m setProtocolContract[31m #[39m
    - [34m[Ext][39m transferAllowed
    - [90m[Int][39m purchaseCheck

 +  Migrations 
    - [32m[Pub][39m [90m<Constructor>[39m[31m #[39m
    - [32m[Pub][39m setCompleted[31m #[39m
    - [32m[Pub][39m upgrade[31m #[39m

 +  AssetToken [90m(StandardToken, Moduleable)[39m
    - [32m[Pub][39m initialize[31m #[39m
    - [32m[Pub][39m changeName[31m #[39m
    - [32m[Pub][39m changeSymbol[31m #[39m
    - [32m[Pub][39m transfer[31m #[39m
    - [32m[Pub][39m transferFrom[31m #[39m
    - [32m[Pub][39m validateTransfer[31m #[39m

 +  DistributionIssuer 
    - [32m[Pub][39m pushDistributionsToAddresses[31m #[39m
    - [90m[Int][39m _issueDistribution[31m #[39m

 +  MeridioCrowdsale [90m(AllowanceCrowdsale, TimedCrowdsale, TokenDestructible, Pausable)[39m
    - [32m[Pub][39m [90m<Constructor>[39m[31m #[39m

 +  Migrations 
    - [32m[Pub][39m [90m<Constructor>[39m[31m #[39m
    - [32m[Pub][39m setCompleted[31m #[39m
    - [32m[Pub][39m upgrade[31m #[39m

 +  SimpleLinkRegistry [90m(Ownable)[39m
    - [32m[Pub][39m setLink[31m #[39m
    - [32m[Pub][39m getLink

 +  Migrations 
    - [32m[Pub][39m [90m<Constructor>[39m[31m #[39m
    - [32m[Pub][39m setCompleted[31m #[39m
    - [32m[Pub][39m upgrade[31m #[39m

